#
# There is insufficient memory for the Java Runtime Environment to continue.
# Native memory allocation (mmap) failed to map 65011712 bytes for G1 virtual space
# Possible reasons:
#   The system is out of physical RAM or swap space
#   The process is running with CompressedOops enabled, and the Java Heap may be blocking the growth of the native heap
# Possible solutions:
#   Reduce memory load on the system
#   Increase physical memory or swap space
#   Check if swap backing store is full
#   Decrease Java heap size (-Xmx/-Xms)
#   Decrease number of Java threads
#   Decrease Java thread stack sizes (-Xss)
#   Set larger code cache with -XX:ReservedCodeCacheSize=
#   JVM is running with Unscaled Compressed Oops mode in which the Java heap is
#     placed in the first 4GB address space. The Java Heap base address is the
#     maximum limit for the native heap growth. Please use -XX:HeapBaseMinAddress
#     to set the Java Heap base and to place the Java Heap above 4GB virtual address.
# This output file may be truncated or incomplete.
#
#  Out of Memory Error (os_windows.cpp:3469), pid=4944, tid=9360
#
# JRE version:  (17.0.1+12) (build )
# Java VM: Java HotSpot(TM) 64-Bit Server VM (17.0.1+12-LTS-39, mixed mode, sharing, tiered, compressed oops, compressed class ptrs, g1 gc, windows-amd64)
# No core dump will be written. Minidumps are not enabled by default on client versions of Windows
#

---------------  S U M M A R Y ------------

Command Line: -Dfile.encoding=UTF-8 --module-path=D:\documentos\NetBeansProjects\primeira\build\classes primeira.jan

Host: Intel(R) Celeron(R) CPU N3350 @ 1.10GHz, 2 cores, 3G,  Windows 10 , 64 bit Build 15063 (10.0.15063.296)
Time: Fri Oct  6 22:03:13 2023 Hor. Padrão Centro-oeste África elapsed time: 0.018366 seconds (0d 0h 0m 0s)

---------------  T H R E A D  ---------------

Current thread (0x000002440e617ef0):  JavaThread "Unknown thread" [_thread_in_vm, id=9360, stack(0x000000b6cd200000,0x000000b6cd300000)]

Stack: [0x000000b6cd200000,0x000000b6cd300000]
Native frames: (J=compiled Java code, j=interpreted, Vv=VM code, C=native code)
V  [jvm.dll+0x66fa1a]
V  [jvm.dll+0x7ce5a4]
V  [jvm.dll+0x7cfd4e]
V  [jvm.dll+0x7d03b3]
V  [jvm.dll+0x242b05]
V  [jvm.dll+0x66ca39]
V  [jvm.dll+0x661502]
V  [jvm.dll+0x30081b]
V  [jvm.dll+0x307da6]
V  [jvm.dll+0x357a1e]
V  [jvm.dll+0x357c4f]
V  [jvm.dll+0x2d7ad8]
V  [jvm.dll+0x2d8a44]
V  [jvm.dll+0x7a01e1]
V  [jvm.dll+0x365791]
V  [jvm.dll+0x77f6cc]
V  [jvm.dll+0x3e812f]
V  [jvm.dll+0x3e9bd1]
C  [jli.dll+0x527b]
C  [ucrtbase.dll+0x20369]
C  [KERNEL32.DLL+0x12774]
C  [ntdll.dll+0x70d51]


---------------  P R O C E S S  ---------------

Threads class SMR info:
_java_thread_list=0x00007ffa478d7818, length=0, elements={
}

Java Threads: ( => current thread )

Other Threads:
  0x000002440e646120 GCTaskThread "GC Thread#0" [stack: 0x000000b6cd300000,0x000000b6cd400000] [id=1460]
  0x000002440e64fb70 ConcurrentGCThread "G1 Main Marker" [stack: 0x000000b6cd400000,0x000000b6cd500000] [id=8204]
  0x000002440e650580 ConcurrentGCThread "G1 Conc#0" [stack: 0x000000b6cd500000,0x000000b6cd600000] [id=10988]

[error occurred during error reporting (printing all threads), id 0xc0000005, EXCEPTION_ACCESS_VIOLATION (0xc0000005) at pc=0x00007ffa471284b7]

VM state: not at safepoint (not fully initialized)

VM Mutex/Monitor currently owned by a thread:  ([mutex/lock_event])
[0x000002440e615810] Heap_lock - owner thread: 0x000002440e617ef0

Heap address: 0x00000000c2800000, size: 984 MB, Compressed Oops mode: 32-bit

CDS archive(s) mapped at: [0x0000000000000000-0x0000000000000000-0x0000000000000000), size 0, SharedBaseAddress: 0x0000000800000000, ArchiveRelocationMode: 0.
Narrow klass base: 0x0000000000000000, Narrow klass shift: 0, Narrow klass range: 0x0

GC Precious Log:
<Empty>

Heap:
 garbage-first heap   total 0K, used 0K [0x00000000c2800000, 0x0000000100000000)
  region size 1024K, 0 young (0K), 0 survivors (0K)

[error occurred during error reporting (printing heap information), id 0xc0000005, EXCEPTION_ACCESS_VIOLATION (0xc0000005) at pc=0x00007ffa47508d89]

GC Heap History (0 events):
No events

Deoptimization events (0 events):
No events

Classes unloaded (0 events):
No events

Classes redefined (0 events):
No events

Internal exceptions (0 events):
No events

VM Operations (0 events):
No events

Events (1 events):
Event: 0.010 Loaded shared library D:\Program Files\Java\jdk-17.0.1\bin\java.dll


Dynamic libraries:
0x00007ff6bdf50000 - 0x00007ff6bdf60000 	D:\Program Files\Java\jdk-17.0.1\bin\java.exe
0x00007ffa83b40000 - 0x00007ffa83d1b000 	C:\Windows\SYSTEM32\ntdll.dll
0x00007ffa81170000 - 0x00007ffa8121e000 	C:\Windows\System32\KERNEL32.DLL
0x00007ffa80730000 - 0x00007ffa80979000 	C:\Windows\System32\KERNELBASE.dll
0x00007ffa80520000 - 0x00007ffa80616000 	C:\Windows\System32\ucrtbase.dll
0x00007ffa7a790000 - 0x00007ffa7a7a8000 	D:\Program Files\Java\jdk-17.0.1\bin\jli.dll
0x00007ffa76940000 - 0x00007ffa7695a000 	D:\Program Files\Java\jdk-17.0.1\bin\VCRUNTIME140.dll
0x00007ffa81670000 - 0x00007ffa81711000 	C:\Windows\System32\ADVAPI32.dll
0x00007ffa81da0000 - 0x00007ffa81e3d000 	C:\Windows\System32\msvcrt.dll
0x00007ffa82200000 - 0x00007ffa82259000 	C:\Windows\System32\sechost.dll
0x00007ffa81c10000 - 0x00007ffa81d35000 	C:\Windows\System32\RPCRT4.dll
0x00007ffa81ac0000 - 0x00007ffa81c0a000 	C:\Windows\System32\USER32.dll
0x00007ffa81080000 - 0x00007ffa8109e000 	C:\Windows\System32\win32u.dll
0x00007ffa82260000 - 0x00007ffa82287000 	C:\Windows\System32\GDI32.dll
0x00007ffa80390000 - 0x00007ffa80518000 	C:\Windows\System32\gdi32full.dll
0x00007ffa80690000 - 0x00007ffa8072a000 	C:\Windows\System32\msvcp_win.dll
0x00007ffa68e80000 - 0x00007ffa690e7000 	C:\Windows\WinSxS\amd64_microsoft.windows.common-controls_6595b64144ccf1df_6.0.15063.483_none_26002d27e7c744a2\COMCTL32.dll
0x00007ffa81370000 - 0x00007ffa81669000 	C:\Windows\System32\combase.dll
0x00007ffa80620000 - 0x00007ffa8068a000 	C:\Windows\System32\bcryptPrimitives.dll
0x00007ffa71e80000 - 0x00007ffa71e8a000 	C:\Windows\SYSTEM32\VERSION.dll
0x00007ffa81e40000 - 0x00007ffa81e6d000 	C:\Windows\System32\IMM32.DLL
0x00007ffa773a0000 - 0x00007ffa773ac000 	D:\Program Files\Java\jdk-17.0.1\bin\vcruntime140_1.dll
0x00007ffa67de0000 - 0x00007ffa67e6d000 	D:\Program Files\Java\jdk-17.0.1\bin\msvcp140.dll
0x00007ffa46e40000 - 0x00007ffa479fe000 	D:\Program Files\Java\jdk-17.0.1\bin\server\jvm.dll
0x00007ffa81160000 - 0x00007ffa81168000 	C:\Windows\System32\PSAPI.DLL
0x00007ffa7bb30000 - 0x00007ffa7bb39000 	C:\Windows\SYSTEM32\WSOCK32.dll
0x00007ffa819d0000 - 0x00007ffa81a3c000 	C:\Windows\System32\WS2_32.dll
0x00007ffa7df50000 - 0x00007ffa7df73000 	C:\Windows\SYSTEM32\WINMM.dll
0x00007ffa7df00000 - 0x00007ffa7df2b000 	C:\Windows\SYSTEM32\WINMMBASE.dll
0x00007ffa800c0000 - 0x00007ffa80109000 	C:\Windows\System32\cfgmgr32.dll
0x00007ffa7ffd0000 - 0x00007ffa7ffe1000 	C:\Windows\System32\kernel.appcore.dll
0x00007ffa76930000 - 0x00007ffa7693a000 	D:\Program Files\Java\jdk-17.0.1\bin\jimage.dll
0x00007ffa7b4e0000 - 0x00007ffa7b689000 	C:\Windows\SYSTEM32\DBGHELP.DLL
0x00007ffa716a0000 - 0x00007ffa716c9000 	C:\Windows\SYSTEM32\dbgcore.DLL
0x00007ffa75bc0000 - 0x00007ffa75be5000 	D:\Program Files\Java\jdk-17.0.1\bin\java.dll

dbghelp: loaded successfully - version: 4.0.5 - missing functions: none
symbol engine: initialized successfully - sym options: 0x614 - pdb path: .;D:\Program Files\Java\jdk-17.0.1\bin;C:\Windows\SYSTEM32;C:\Windows\WinSxS\amd64_microsoft.windows.common-controls_6595b64144ccf1df_6.0.15063.483_none_26002d27e7c744a2;D:\Program Files\Java\jdk-17.0.1\bin\server

VM Arguments:
jvm_args: -Dfile.encoding=UTF-8 --module-path=D:\documentos\NetBeansProjects\primeira\build\classes 
java_command: primeira.jan
java_class_path (initial): D:\documentos\NetBeansProjects\primeira\build\classes
Launcher Type: SUN_STANDARD

[Global flags]
     intx CICompilerCount                          = 2                                         {product} {ergonomic}
     uint ConcGCThreads                            = 1                                         {product} {ergonomic}
     uint G1ConcRefinementThreads                  = 2                                         {product} {ergonomic}
   size_t G1HeapRegionSize                         = 1048576                                   {product} {ergonomic}
    uintx GCDrainStackTargetSize                   = 64                                        {product} {ergonomic}
   size_t InitialHeapSize                          = 65011712                                  {product} {ergonomic}
   size_t MarkStackSize                            = 4194304                                   {product} {ergonomic}
   size_t MaxHeapSize                              = 1031798784                                {product} {ergonomic}
   size_t MinHeapDeltaBytes                        = 1048576                                   {product} {ergonomic}
   size_t MinHeapSize                              = 8388608                                   {product} {ergonomic}
    uintx NonNMethodCodeHeapSize                   = 5826188                                {pd product} {ergonomic}
    uintx NonProfiledCodeHeapSize                  = 122916026                              {pd product} {ergonomic}
    uintx ProfiledCodeHeapSize                     = 122916026                              {pd product} {ergonomic}
    uintx ReservedCodeCacheSize                    = 251658240                              {pd product} {ergonomic}
     bool SegmentedCodeCache                       = true                                      {product} {ergonomic}
   size_t SoftMaxHeapSize                          = 1031798784                             {manageable} {ergonomic}
     bool UseCompressedClassPointers               = true                           {product lp64_product} {ergonomic}
     bool UseCompressedOops                        = true                           {product lp64_product} {ergonomic}
     bool UseG1GC                                  = true                                      {product} {ergonomic}
     bool UseLargePagesIndividualAllocation        = false                                  {pd product} {ergonomic}

Logging:
Log output configuration:
 #0: stdout all=warning uptime,level,tags
 #1: stderr all=off uptime,level,tags

Environment Variables:
PATH=C:\Program Files\Common Files\Oracle\Java\javapath;C:\Program Files (x86)\Common Files\Oracle\Java\javapath;C:\Windows\system32;C:\Windows;C:\Windows\System32\Wbem;C:\Windows\System32\WindowsPowerShell\v1.0\;C:\Users\MR-STUDIOS\AppData\Local\Microsoft\WindowsApps;C:\SystemID\php-8.1.6-nts-Win32-vs16-x64;
USERNAME=MR-STUDIOS
OS=Windows_NT
PROCESSOR_IDENTIFIER=Intel64 Family 6 Model 92 Stepping 9, GenuineIntel



---------------  S Y S T E M  ---------------

OS:
 Windows 10 , 64 bit Build 15063 (10.0.15063.296)
OS uptime: 0 days 12:37 hours

CPU: total 2 (initial active 2) (2 cores per cpu, 1 threads per core) family 6 model 92 stepping 9 microcode 0x2e, cx8, cmov, fxsr, mmx, 3dnowpref, sse, sse2, sse3, ssse3, sse4.1, sse4.2, popcnt, tsc, tscinvbit, aes, erms, clmul, sha, clflush, clflushopt

Memory: 4k page, system-wide physical 3928M (1272M free)
TotalPageFile size 4644M (AvailPageFile size 27M)
current process WorkingSet (physical memory assigned to process): 10M, peak: 10M
current process commit charge ("private bytes"): 47M, peak: 109M

vm_info: Java HotSpot(TM) 64-Bit Server VM (17.0.1+12-LTS-39) for windows-amd64 JRE (17.0.1+12-LTS-39), built on Sep 27 2021 18:41:35 by "mach5one" with MS VC++ 16.8 (VS2019)

END.
